::ffff:127.0.0.1 - - [13/Mar/2021:19:02:24 +0000] "GET /api/users/getAllData HTTP/1.1" 200 9080 "-" "Mozilla/5.0 (X11; Ubuntu; Linux x86_64; rv:86.0) Gecko/20100101 Firefox/86.0"
::1 - - [13/Mar/2021:19:10:12 +0000] "GET /api/users/getAllData HTTP/1.1" 200 9080 "-" "PostmanRuntime/7.26.2"
::1 - - [13/Mar/2021:19:10:25 +0000] "GET /api/users/getAllDat HTTP/1.1" 404 158 "-" "PostmanRuntime/7.26.2"
::1 - - [13/Mar/2021:19:10:30 +0000] "GET /api/users/getAllData HTTP/1.1" 200 9080 "-" "PostmanRuntime/7.26.2"
::1 - - [13/Mar/2021:20:03:46 +0000] "POST /api/users/addNewData HTTP/1.1" 200 47 "-" "PostmanRuntime/7.26.10"
::1 - - [13/Mar/2021:20:04:49 +0000] "POST /api/users/addNewData HTTP/1.1" 200 47 "-" "PostmanRuntime/7.26.10"
::ffff:127.0.0.1 - - [13/Mar/2021:20:13:01 +0000] "GET /api/users/getAllData HTTP/1.1" 304 - "-" "Mozilla/5.0 (X11; Ubuntu; Linux x86_64; rv:86.0) Gecko/20100101 Firefox/86.0"
::1 - - [13/Mar/2021:20:15:05 +0000] "DELETE /api/users/deleteData HTTP/1.1" 200 47 "-" "PostmanRuntime/7.26.10"
::ffff:127.0.0.1 - - [13/Mar/2021:20:25:11 +0000] "GET /api/users/getAllData HTTP/1.1" 200 8153 "-" "Mozilla/5.0 (X11; Ubuntu; Linux x86_64; rv:86.0) Gecko/20100101 Firefox/86.0"
::1 - - [13/Mar/2021:20:33:24 +0000] "POST /api/users/addNewData HTTP/1.1" 500 - "-" "PostmanRuntime/7.26.10"
::1 - - [13/Mar/2021:20:33:57 +0000] "POST /api/users/addNewData HTTP/1.1" 500 - "-" "PostmanRuntime/7.26.10"
::1 - - [13/Mar/2021:20:34:08 +0000] "GET /api/users/getAllData HTTP/1.1" 200 8153 "-" "PostmanRuntime/7.26.2"
::1 - - [13/Mar/2021:20:35:48 +0000] "POST /api/users/addNewData HTTP/1.1" 200 47 "-" "PostmanRuntime/7.26.10"
::1 - - [13/Mar/2021:20:35:56 +0000] "GET /api/users/getAllData HTTP/1.1" 200 8153 "-" "PostmanRuntime/7.26.2"
::1 - - [13/Mar/2021:21:02:36 +0000] "DELETE /api/users/deleteData HTTP/1.1" 200 47 "-" "PostmanRuntime/7.26.10"
::1 - - [13/Mar/2021:21:05:32 +0000] "DELETE /api/users/deleteData HTTP/1.1" 200 10 "-" "PostmanRuntime/7.26.10"
::1 - - [13/Mar/2021:21:06:39 +0000] "DELETE /api/users/deleteData HTTP/1.1" 200 10 "-" "PostmanRuntime/7.26.10"
::1 - - [13/Mar/2021:21:07:02 +0000] "DELETE /api/users/deleteData HTTP/1.1" 200 47 "-" "PostmanRuntime/7.26.10"
::ffff:127.0.0.1 - - [13/Mar/2021:21:09:48 +0000] "GET /api/users/getAllData HTTP/1.1" 200 8153 "-" "Mozilla/5.0 (X11; Ubuntu; Linux x86_64; rv:86.0) Gecko/20100101 Firefox/86.0"
::1 - - [13/Mar/2021:21:10:10 +0000] "DELETE /api/users/deleteData HTTP/1.1" 200 47 "-" "PostmanRuntime/7.26.10"
::1 - - [13/Mar/2021:21:17:04 +0000] "DELETE /api/users/deleteData HTTP/1.1" 200 48 "-" "PostmanRuntime/7.26.10"
::1 - - [13/Mar/2021:21:19:32 +0000] "DELETE /api/users/deleteData HTTP/1.1" 200 48 "-" "PostmanRuntime/7.26.10"
::1 - - [13/Mar/2021:21:20:29 +0000] "POST /api/users/addNewData HTTP/1.1" 200 47 "-" "PostmanRuntime/7.26.10"
::1 - - [13/Mar/2021:21:21:16 +0000] "POST /api/users/addNewData HTTP/1.1" 200 48 "-" "PostmanRuntime/7.26.10"
::1 - - [13/Mar/2021:21:22:32 +0000] "DELETE /api/users/deleteData HTTP/1.1" 200 48 "-" "PostmanRuntime/7.26.10"
::1 - - [13/Mar/2021:21:22:37 +0000] "DELETE /api/users/deleteData HTTP/1.1" 200 48 "-" "PostmanRuntime/7.26.10"
::1 - - [13/Mar/2021:21:22:46 +0000] "GET /api/users/getAllData HTTP/1.1" 200 7049 "-" "PostmanRuntime/7.26.2"
::1 - - [13/Mar/2021:21:24:35 +0000] "POST /api/users/addNewData HTTP/1.1" 500 - "-" "PostmanRuntime/7.26.10"
::1 - - [13/Mar/2021:21:25:48 +0000] "POST /api/users/addNewData HTTP/1.1" 200 48 "-" "PostmanRuntime/7.26.10"
::1 - - [13/Mar/2021:21:39:32 +0000] "PUT /api/users/updateData HTTP/1.1" 404 159 "-" "PostmanRuntime/7.26.10"
::1 - - [13/Mar/2021:21:40:43 +0000] "PUT /api/users/updateData HTTP/1.1" 404 159 "-" "PostmanRuntime/7.26.10"
::1 - - [13/Mar/2021:21:41:27 +0000] "PUT /api/users/updateData HTTP/1.1" 404 159 "-" "PostmanRuntime/7.26.10"
::1 - - [13/Mar/2021:21:43:09 +0000] "PUT /api/users/updateData HTTP/1.1" 404 159 "-" "PostmanRuntime/7.26.10"
::1 - - [13/Mar/2021:21:43:24 +0000] "PUT /api/users/updateData HTTP/1.1" 404 159 "-" "PostmanRuntime/7.26.10"
::1 - - [13/Mar/2021:21:43:51 +0000] "PUT /api/users/updateData HTTP/1.1" 404 159 "-" "PostmanRuntime/7.26.10"
::1 - - [13/Mar/2021:21:43:52 +0000] "PUT /api/users/updateData HTTP/1.1" 404 159 "-" "PostmanRuntime/7.26.10"
::1 - - [13/Mar/2021:21:45:37 +0000] "PUT /api/users/updateData HTTP/1.1" 404 159 "-" "PostmanRuntime/7.26.10"
::ffff:127.0.0.1 - - [13/Mar/2021:21:49:35 +0000] "GET /api/users/getAllData HTTP/1.1" 200 7793 "-" "Mozilla/5.0 (X11; Ubuntu; Linux x86_64; rv:86.0) Gecko/20100101 Firefox/86.0"
::1 - - [17/Mar/2021:03:50:05 +0000] "GET /api/users/getAllData HTTP/1.1" 200 7181 "-" "PostmanRuntime/7.26.2"
::1 - - [17/Mar/2021:03:53:01 +0000] "GET /api/users/getAllData HTTP/1.1" 200 7181 "-" "PostmanRuntime/7.26.2"
::1 - - [17/Mar/2021:04:13:58 +0000] "GET /api/users/getAllData HTTP/1.1" 200 7181 "-" "PostmanRuntime/7.26.2"
::1 - - [17/Mar/2021:04:46:05 +0000] "GET /api/getAllUsersGroup HTTP/1.1" 404 159 "-" "PostmanRuntime/7.26.10"
::1 - - [17/Mar/2021:04:46:59 +0000] "GET /api/getAllUsersGroup HTTP/1.1" 404 159 "-" "PostmanRuntime/7.26.10"
::1 - - [17/Mar/2021:04:49:48 +0000] "GET /api/usersGroup/getAllUserGroup HTTP/1.1" 200 12437 "-" "PostmanRuntime/7.26.2"
::1 - - [17/Mar/2021:04:50:01 +0000] "GET /api/users/getAllData HTTP/1.1" 200 7181 "-" "PostmanRuntime/7.26.2"
::1 - - [17/Mar/2021:04:50:09 +0000] "GET /api/usersGroup/getAllUserGroup HTTP/1.1" 200 12437 "-" "PostmanRuntime/7.26.10"
::1 - - [17/Mar/2021:05:49:41 +0000] "GET /api/usersGroup/getAllUserGroup HTTP/1.1" 200 12437 "-" "PostmanRuntime/7.26.10"
::1 - - [17/Mar/2021:05:53:58 +0000] "GET /api/usersGroup/getAllUserGroup HTTP/1.1" 200 12437 "-" "Mozilla/5.0 (X11; Linux x86_64) AppleWebKit/537.36 (KHTML, like Gecko) Chrome/89.0.4389.82 Safari/537.36"
::1 - - [17/Mar/2021:05:53:59 +0000] "GET /favicon.ico HTTP/1.1" 404 150 "http://localhost:8002/api/usersGroup/getAllUserGroup" "Mozilla/5.0 (X11; Linux x86_64) AppleWebKit/537.36 (KHTML, like Gecko) Chrome/89.0.4389.82 Safari/537.36"
::1 - - [17/Mar/2021:05:57:11 +0000] "GET /api/usersGroup/getAllUserGroup HTTP/1.1" 304 - "-" "Mozilla/5.0 (X11; Linux x86_64) AppleWebKit/537.36 (KHTML, like Gecko) Chrome/89.0.4389.82 Safari/537.36"
::1 - - [17/Mar/2021:05:57:32 +0000] "GET /api/users/getAllData HTTP/1.1" 200 7181 "-" "Mozilla/5.0 (X11; Linux x86_64) AppleWebKit/537.36 (KHTML, like Gecko) Chrome/89.0.4389.82 Safari/537.36"
::1 - - [17/Mar/2021:05:58:17 +0000] "GET /api/usersGroup/getAllUserGroup HTTP/1.1" 304 - "-" "Mozilla/5.0 (X11; Linux x86_64) AppleWebKit/537.36 (KHTML, like Gecko) Chrome/89.0.4389.82 Safari/537.36"
::1 - - [18/Mar/2021:02:01:19 +0000] "GET /api/usersGroup/getAllUserGroup HTTP/1.1" 200 12437 "-" "PostmanRuntime/7.26.10"
